#
# There is insufficient memory for the Java Runtime Environment to continue.
# Native memory allocation (malloc) failed to allocate 1048576 bytes. Error detail: AllocateHeap
# Possible reasons:
#   The system is out of physical RAM or swap space
#   This process is running with CompressedOops enabled, and the Java Heap may be blocking the growth of the native heap
# Possible solutions:
#   Reduce memory load on the system
#   Increase physical memory or swap space
#   Check if swap backing store is full
#   Decrease Java heap size (-Xmx/-Xms)
#   Decrease number of Java threads
#   Decrease Java thread stack sizes (-Xss)
#   Set larger code cache with -XX:ReservedCodeCacheSize=
#   JVM is running with Unscaled Compressed Oops mode in which the Java heap is
#     placed in the first 4GB address space. The Java Heap base address is the
#     maximum limit for the native heap growth. Please use -XX:HeapBaseMinAddress
#     to set the Java Heap base and to place the Java Heap above 4GB virtual address.
# This output file may be truncated or incomplete.
#
#  Out of Memory Error (allocation.cpp:44), pid=17720, tid=4680
#
# JRE version: OpenJDK Runtime Environment Temurin-21.0.10+7 (21.0.10+7) (build 21.0.10+7-LTS)
# Java VM: OpenJDK 64-Bit Server VM Temurin-21.0.10+7 (21.0.10+7-LTS, mixed mode, sharing, tiered, compressed oops, compressed class ptrs, parallel gc, windows-amd64)
# No core dump will be written. Minidumps are not enabled by default on client versions of Windows
#

---------------  S U M M A R Y ------------

Command Line: --add-modules=ALL-SYSTEM --add-opens=java.base/java.util=ALL-UNNAMED --add-opens=java.base/java.lang=ALL-UNNAMED --add-opens=java.base/sun.nio.fs=ALL-UNNAMED -Declipse.application=org.eclipse.jdt.ls.core.id1 -Dosgi.bundles.defaultStartLevel=4 -Declipse.product=org.eclipse.jdt.ls.core.product -Djava.import.generatesMetadataFilesAtProjectRoot=false -DDetectVMInstallationsJob.disabled=true -Dfile.encoding=utf8 -XX:+UseParallelGC -XX:GCTimeRatio=4 -XX:AdaptiveSizePolicyWeight=90 -Dsun.zip.disableMemoryMapping=true -Xmx2G -Xms100m -Xlog:disable -javaagent:c:\Users\Swapnil\.vscode\extensions\redhat.java-1.54.0-win32-x64\lombok\lombok-1.18.39-4050.jar -XX:+HeapDumpOnOutOfMemoryError -XX:HeapDumpPath=c:\Users\Swapnil\AppData\Roaming\Code\User\workspaceStorage\8cfe64191bf3f094ebb370fd913d483b\redhat.java -Daether.dependencyCollector.impl=bf c:\Users\Swapnil\.vscode\extensions\redhat.java-1.54.0-win32-x64\server\plugins\org.eclipse.equinox.launcher_1.7.100.v20251111-0406.jar -configuration c:\Users\Swapnil\AppData\Roaming\Code\User\globalStorage\redhat.java\1.54.0\config_win -data c:\Users\Swapnil\AppData\Roaming\Code\User\workspaceStorage\8cfe64191bf3f094ebb370fd913d483b\redhat.java\jdt_ws --pipe=\\.\pipe\lsp-06f6b16db7bfccd589322f2c6b96834c-sock

Host: Intel(R) Core(TM) i5-1035G1 CPU @ 1.00GHz, 8 cores, 7G,  Windows 11 , 64 bit Build 22621 (10.0.22621.5415)
Time: Fri May 29 20:17:56 2026 India Standard Time elapsed time: 3198.151210 seconds (0d 0h 53m 18s)

---------------  T H R E A D  ---------------

Current thread (0x00000283a76ced30):  JavaThread "Attach Listener" daemon [_thread_in_vm, id=4680, stack(0x000000fa20400000,0x000000fa20500000) (1024K)]

Stack: [0x000000fa20400000,0x000000fa20500000]
Native frames: (J=compiled Java code, j=interpreted, Vv=VM code, C=native code)
V  [jvm.dll+0x6d7a39]
V  [jvm.dll+0x8b4b26]
V  [jvm.dll+0x8b70de]
V  [jvm.dll+0x8b77c3]
V  [jvm.dll+0x284346]
V  [jvm.dll+0xc1277]
V  [jvm.dll+0x6d82e9]
V  [jvm.dll+0x1334a6]
V  [jvm.dll+0x3f857e]
V  [jvm.dll+0x85f59d]
V  [jvm.dll+0x6d626d]
C  [ucrtbase.dll+0x29333]
C  [KERNEL32.DLL+0x1259d]
C  [ntdll.dll+0x5af78]


---------------  P R O C E S S  ---------------

Threads class SMR info:
_java_thread_list=0x00000283f9db7d70, length=38, elements={
0x000002838e8dedc0, 0x00000283a76aafa0, 0x00000283a76ac110, 0x00000283a76ada90,
0x00000283a76ced30, 0x00000283a76cff90, 0x00000283a76d34d0, 0x00000283ee0086a0,
0x00000283a76d9f90, 0x00000283ee1f7a20, 0x00000283ee372760, 0x00000283ee634100,
0x00000283ee633a70, 0x00000283ee6354b0, 0x00000283ee634e20, 0x00000283ee6333e0,
0x00000283ee635b40, 0x00000283ee6361d0, 0x00000283ee763ab0, 0x00000283ee764e60,
0x00000283ee7654f0, 0x00000283ee762070, 0x00000283ee765b80, 0x00000283ee763420,
0x00000283ee767c50, 0x00000283ee769690, 0x00000283ee762700, 0x00000283ee762d90,
0x00000283ee766210, 0x00000283efcb4890, 0x00000283efcb4f20, 0x00000283efcb62d0,
0x00000283ee455cc0, 0x00000283eeee9680, 0x00000283eeeed820, 0x00000283eeeeaa30,
0x00000283ef115030, 0x00000283ef1156c0
}

Java Threads: ( => current thread )
  0x000002838e8dedc0 JavaThread "main"                              [_thread_blocked, id=16984, stack(0x000000fa1fd00000,0x000000fa1fe00000) (1024K)]
  0x00000283a76aafa0 JavaThread "Reference Handler"          daemon [_thread_blocked, id=8768, stack(0x000000fa20100000,0x000000fa20200000) (1024K)]
  0x00000283a76ac110 JavaThread "Finalizer"                  daemon [_thread_blocked, id=14504, stack(0x000000fa20200000,0x000000fa20300000) (1024K)]
  0x00000283a76ada90 JavaThread "Signal Dispatcher"          daemon [_thread_blocked, id=17204, stack(0x000000fa20300000,0x000000fa20400000) (1024K)]
=>0x00000283a76ced30 JavaThread "Attach Listener"            daemon [_thread_in_vm, id=4680, stack(0x000000fa20400000,0x000000fa20500000) (1024K)]
  0x00000283a76cff90 JavaThread "Service Thread"             daemon [_thread_blocked, id=8960, stack(0x000000fa20500000,0x000000fa20600000) (1024K)]
  0x00000283a76d34d0 JavaThread "Monitor Deflation Thread"   daemon [_thread_blocked, id=17448, stack(0x000000fa20600000,0x000000fa20700000) (1024K)]
  0x00000283ee0086a0 JavaThread "C2 CompilerThread0"         daemon [_thread_blocked, id=10408, stack(0x000000fa20700000,0x000000fa20800000) (1024K)]
  0x00000283a76d9f90 JavaThread "C1 CompilerThread0"         daemon [_thread_blocked, id=3444, stack(0x000000fa20800000,0x000000fa20900000) (1024K)]
  0x00000283ee1f7a20 JavaThread "Common-Cleaner"             daemon [_thread_blocked, id=2976, stack(0x000000fa20900000,0x000000fa20a00000) (1024K)]
  0x00000283ee372760 JavaThread "Notification Thread"        daemon [_thread_blocked, id=22284, stack(0x000000fa20a00000,0x000000fa20b00000) (1024K)]
  0x00000283ee634100 JavaThread "Active Thread: Equinox Container: e408e38c-a0c0-4200-aa8e-12a866002eca"        [_thread_blocked, id=4788, stack(0x000000fa20b00000,0x000000fa20c00000) (1024K)]
  0x00000283ee633a70 JavaThread "Refresh Thread: Equinox Container: e408e38c-a0c0-4200-aa8e-12a866002eca" daemon [_thread_blocked, id=22020, stack(0x000000fa21300000,0x000000fa21400000) (1024K)]
  0x00000283ee6354b0 JavaThread "Framework Event Dispatcher: Equinox Container: e408e38c-a0c0-4200-aa8e-12a866002eca" daemon [_thread_blocked, id=2944, stack(0x000000fa21400000,0x000000fa21500000) (1024K)]
  0x00000283ee634e20 JavaThread "Start Level: Equinox Container: e408e38c-a0c0-4200-aa8e-12a866002eca" daemon [_thread_blocked, id=17928, stack(0x000000fa21500000,0x000000fa21600000) (1024K)]
  0x00000283ee6333e0 JavaThread "Bundle File Closer"         daemon [_thread_blocked, id=10964, stack(0x000000fa21600000,0x000000fa21700000) (1024K)]
  0x00000283ee635b40 JavaThread "SCR Component Actor"        daemon [_thread_blocked, id=1228, stack(0x000000fa21700000,0x000000fa21800000) (1024K)]
  0x00000283ee6361d0 JavaThread "Worker-JM"                         [_thread_blocked, id=13268, stack(0x000000fa21800000,0x000000fa21900000) (1024K)]
  0x00000283ee763ab0 JavaThread "JNA Cleaner"                daemon [_thread_blocked, id=13280, stack(0x000000fa21900000,0x000000fa21a00000) (1024K)]
  0x00000283ee764e60 JavaThread "Java indexing"              daemon [_thread_blocked, id=13872, stack(0x000000fa21c00000,0x000000fa21d00000) (1024K)]
  0x00000283ee7654f0 JavaThread "Thread-1"                   daemon [_thread_in_native, id=22428, stack(0x000000fa22100000,0x000000fa22200000) (1024K)]
  0x00000283ee762070 JavaThread "Thread-2"                   daemon [_thread_in_native, id=11468, stack(0x000000fa22200000,0x000000fa22300000) (1024K)]
  0x00000283ee765b80 JavaThread "Thread-3"                   daemon [_thread_in_native, id=11344, stack(0x000000fa22300000,0x000000fa22400000) (1024K)]
  0x00000283ee763420 JavaThread "Thread-4"                   daemon [_thread_in_native, id=18800, stack(0x000000fa22400000,0x000000fa22500000) (1024K)]
  0x00000283ee767c50 JavaThread "Thread-5"                   daemon [_thread_in_native, id=13184, stack(0x000000fa22500000,0x000000fa22600000) (1024K)]
  0x00000283ee769690 JavaThread "Thread-6"                   daemon [_thread_in_native, id=16244, stack(0x000000fa22600000,0x000000fa22700000) (1024K)]
  0x00000283ee762700 JavaThread "Thread-7"                   daemon [_thread_in_native, id=22372, stack(0x000000fa22700000,0x000000fa22800000) (1024K)]
  0x00000283ee762d90 JavaThread "Thread-8"                   daemon [_thread_in_native, id=13548, stack(0x000000fa22800000,0x000000fa22900000) (1024K)]
  0x00000283ee766210 JavaThread "Thread-9"                   daemon [_thread_in_native, id=23060, stack(0x000000fa22900000,0x000000fa22a00000) (1024K)]
  0x00000283efcb4890 JavaThread "pool-2-thread-1"                   [_thread_blocked, id=8456, stack(0x000000fa22a00000,0x000000fa22b00000) (1024K)]
  0x00000283efcb4f20 JavaThread "WorkspaceEventsHandler"            [_thread_blocked, id=22252, stack(0x000000fa22b00000,0x000000fa22c00000) (1024K)]
  0x00000283efcb62d0 JavaThread "pool-1-thread-1"                   [_thread_blocked, id=16260, stack(0x000000fa22c00000,0x000000fa22d00000) (1024K)]
  0x00000283ee455cc0 JavaThread "Cleaner-0"                  daemon [_thread_blocked, id=13640, stack(0x000000fa24300000,0x000000fa24400000) (1024K)]
  0x00000283eeee9680 JavaThread "Java Debug Server"          daemon [_thread_in_native, id=10328, stack(0x000000fa1fb00000,0x000000fa1fc00000) (1024K)]
  0x00000283eeeed820 JavaThread "RxSchedulerPurge-1"         daemon [_thread_blocked, id=23392, stack(0x000000fa24400000,0x000000fa24500000) (1024K)]
  0x00000283eeeeaa30 JavaThread "RxCachedWorkerPoolEvictor-1" daemon [_thread_blocked, id=20052, stack(0x000000fa24500000,0x000000fa24600000) (1024K)]
  0x00000283ef115030 JavaThread "Worker-9"                          [_thread_blocked, id=14196, stack(0x000000fa21f00000,0x000000fa22000000) (1024K)]
  0x00000283ef1156c0 JavaThread "Worker-10"                         [_thread_blocked, id=18720, stack(0x000000fa1fa00000,0x000000fa1fb00000) (1024K)]
Total: 38

Other Threads:
  0x0000028390cd9c60 VMThread "VM Thread"                           [id=20560, stack(0x000000fa20000000,0x000000fa20100000) (1024K)]
  0x0000028390ca6230 WatcherThread "VM Periodic Task Thread"        [id=11032, stack(0x000000fa1ff00000,0x000000fa20000000) (1024K)]
  0x0000028390c55f30 WorkerThread "GC Thread#0"                     [id=19348, stack(0x000000fa1fe00000,0x000000fa1ff00000) (1024K)]
  0x00000283ee902490 WorkerThread "GC Thread#1"                     [id=22608, stack(0x000000fa20c00000,0x000000fa20d00000) (1024K)]
  0x00000283ee4306c0 WorkerThread "GC Thread#2"                     [id=13576, stack(0x000000fa20d00000,0x000000fa20e00000) (1024K)]
  0x00000283ee430a70 WorkerThread "GC Thread#3"                     [id=7468, stack(0x000000fa20e00000,0x000000fa20f00000) (1024K)]
  0x00000283ee60a6e0 WorkerThread "GC Thread#4"                     [id=21848, stack(0x000000fa20f00000,0x000000fa21000000) (1024K)]
  0x00000283ee60aea0 WorkerThread "GC Thread#5"                     [id=11960, stack(0x000000fa21000000,0x000000fa21100000) (1024K)]
  0x00000283ee60b250 WorkerThread "GC Thread#6"                     [id=21300, stack(0x000000fa21100000,0x000000fa21200000) (1024K)]
  0x00000283eeb95da0 WorkerThread "GC Thread#7"                     [id=5500, stack(0x000000fa21200000,0x000000fa21300000) (1024K)]
Total: 10

Threads with active compile tasks:
Total: 0

VM state: not at safepoint (normal execution)

VM Mutex/Monitor currently owned by a thread: None

Heap address: 0x0000000080000000, size: 2048 MB, Compressed Oops mode: 32-bit

CDS archive(s) mapped at: [0x00000283a8000000-0x00000283a8ba0000-0x00000283a8ba0000), size 12189696, SharedBaseAddress: 0x00000283a8000000, ArchiveRelocationMode: 1.
Compressed class space mapped at: 0x00000283a9000000-0x00000283e9000000, reserved size: 1073741824
Narrow klass base: 0x00000283a8000000, Narrow klass shift: 0, Narrow klass range: 0x100000000

GC Precious Log:
 CardTable entry size: 512
 CPUs: 8 total, 8 available
 Memory: 7959M
 Large Page Support: Disabled
 NUMA Support: Disabled
 Compressed Oops: Enabled (32-bit)
 Alignments: Space 512K, Generation 512K, Heap 2M
 Heap Min Capacity: 100M
 Heap Initial Capacity: 100M
 Heap Max Capacity: 2G
 Pre-touch: Disabled
 Parallel Workers: 8

Heap:
 PSYoungGen      total 4608K, used 1960K [0x00000000d5580000, 0x00000000d5f80000, 0x0000000100000000)
  eden space 4096K, 41% used [0x00000000d5580000,0x00000000d572a0e8,0x00000000d5980000)
  from space 512K, 50% used [0x00000000d5f00000,0x00000000d5f40020,0x00000000d5f80000)
  to   space 2048K, 0% used [0x00000000d5b80000,0x00000000d5b80000,0x00000000d5d80000)
 ParOldGen       total 585728K, used 585455K [0x0000000080000000, 0x00000000a3c00000, 0x00000000d5580000)
  object space 585728K, 99% used [0x0000000080000000,0x00000000a3bbbde8,0x00000000a3c00000)
 Metaspace       used 88396K, committed 90176K, reserved 1179648K
  class space    used 9237K, committed 10048K, reserved 1048576K

Card table byte_map: [0x00000283905e0000,0x00000283909f0000] _byte_map_base: 0x00000283901e0000

Marking Bits: (ParMarkBitMap*) 0x00007ffb7a2b3450
 Begin Bits: [0x00000283a30e0000, 0x00000283a50e0000)
 End Bits:   [0x00000283a50e0000, 0x00000283a70e0000)

Polling page: 0x000002838ec20000

Metaspace:

Usage:
  Non-class:     77.30 MB used.
      Class:      9.02 MB used.
       Both:     86.32 MB used.

Virtual space:
  Non-class space:      128.00 MB reserved,      78.25 MB ( 61%) committed,  2 nodes.
      Class space:        1.00 GB reserved,       9.81 MB ( <1%) committed,  1 nodes.
             Both:        1.12 GB reserved,      88.06 MB (  8%) committed. 

Chunk freelists:
   Non-Class:  960.00 KB
       Class:  6.04 MB
        Both:  6.98 MB

MaxMetaspaceSize: unlimited
CompressedClassSpaceSize: 1.00 GB
Initial GC threshold: 21.00 MB
Current GC threshold: 130.31 MB
CDS: on
 - commit_granule_bytes: 65536.
 - commit_granule_words: 8192.
 - virtual_space_node_default_size: 8388608.
 - enlarge_chunks_in_place: 1.
 - use_allocation_guard: 0.


Internal statistics:

num_allocs_failed_limit: 9.
num_arena_births: 1612.
num_arena_deaths: 26.
num_vsnodes_births: 3.
num_vsnodes_deaths: 0.
num_space_committed: 1408.
num_space_uncommitted: 0.
num_chunks_returned_to_freelist: 40.
num_chunks_taken_from_freelist: 5925.
num_chunk_merges: 12.
num_chunk_splits: 3582.
num_chunks_enlarged: 2006.
num_inconsistent_stats: 0.

CodeHeap 'non-profiled nmethods': size=120000Kb used=16750Kb max_used=16750Kb free=103249Kb
 bounds [0x000002839b900000, 0x000002839c960000, 0x00000283a2e30000]
CodeHeap 'profiled nmethods': size=120000Kb used=46091Kb max_used=46091Kb free=73909Kb
 bounds [0x0000028393e30000, 0x0000028396b40000, 0x000002839b360000]
CodeHeap 'non-nmethods': size=5760Kb used=1532Kb max_used=1592Kb free=4228Kb
 bounds [0x000002839b360000, 0x000002839b5d0000, 0x000002839b900000]
CodeCache: size=245760Kb, used=64373Kb, max_used=64433Kb, free=181386Kb
 total_blobs=18646, nmethods=17800, adapters=748, full_count=0
Compilation: enabled, stopped_count=0, restarted_count=0

Compilation events (20 events):
Event: 2223.794 Thread 0x00000283ee0086a0 19114       4       java.util.concurrent.ConcurrentHashMap$CollectionView::toArray (145 bytes)
Event: 2223.871 Thread 0x00000283ee0086a0 nmethod 19114 0x000002839c958110 code [0x000002839c958300, 0x000002839c958d90]
Event: 2224.794 Thread 0x00000283ee0086a0 19115       4       io.reactivex.internal.schedulers.SchedulerPoolFactory$ScheduledTask::run (66 bytes)
Event: 2224.943 Thread 0x00000283ee0086a0 nmethod 19115 0x000002839c959590 code [0x000002839c9597c0, 0x000002839c95a510]
Event: 2253.021 Thread 0x00000283a76d9f90 19116       1       org.eclipse.osgi.internal.framework.EquinoxContainer::getStorage (5 bytes)
Event: 2253.021 Thread 0x00000283a76d9f90 nmethod 19116 0x000002839c95b490 code [0x000002839c95b620, 0x000002839c95b6e8]
Event: 2323.802 Thread 0x00000283ee0086a0 19117       4       java.util.concurrent.ScheduledThreadPoolExecutor$ScheduledFutureTask::getDelay (16 bytes)
Event: 2323.814 Thread 0x00000283ee0086a0 nmethod 19117 0x000002839c95b790 code [0x000002839c95b920, 0x000002839c95ba78]
Event: 2572.312 Thread 0x00000283a76d9f90 19118       3       org.eclipse.jdt.ls.core.internal.ParentProcessWatcher::run (83 bytes)
Event: 2572.318 Thread 0x00000283a76d9f90 nmethod 19118 0x0000028396b2eb10 code [0x0000028396b2eda0, 0x0000028396b2f830]
Event: 2572.318 Thread 0x00000283a76d9f90 19119       3       org.eclipse.jdt.ls.core.internal.ParentProcessWatcher::parentProcessStillRunning (62 bytes)
Event: 2572.320 Thread 0x00000283a76d9f90 nmethod 19119 0x0000028396b2fb90 code [0x0000028396b2fdc0, 0x0000028396b304c8]
Event: 2629.364 Thread 0x00000283a76d9f90 19120       3       java.lang.ref.ReferenceQueue::await (15 bytes)
Event: 2629.365 Thread 0x00000283a76d9f90 nmethod 19120 0x0000028396b30710 code [0x0000028396b308c0, 0x0000028396b30a60]
Event: 2928.709 Thread 0x00000283a76d9f90 19121       3       java.util.concurrent.locks.AbstractQueuedSynchronizer$ConditionObject::await (202 bytes)
Event: 2928.713 Thread 0x00000283a76d9f90 nmethod 19121 0x0000028396b30b90 code [0x0000028396b30e80, 0x0000028396b31cb0]
Event: 3006.924 Thread 0x00000283a76d9f90 19122       3       org.eclipse.core.internal.resources.ResourceInfo::shareStrings (43 bytes)
Event: 3006.927 Thread 0x00000283a76d9f90 nmethod 19122 0x0000028396b32290 code [0x0000028396b32460, 0x0000028396b326e0]
Event: 3093.003 Thread 0x00000283a76d9f90 19123       3       java.lang.ProcessHandleImpl::<init> (15 bytes)
Event: 3093.005 Thread 0x00000283a76d9f90 nmethod 19123 0x0000028396b32810 code [0x0000028396b329c0, 0x0000028396b32b30]

GC Heap History (20 events):
Event: 887.205 GC heap before
{Heap before GC invocations=1371 (full 4):
 PSYoungGen      total 4608K, used 4606K [0x00000000d5580000, 0x00000000d5c00000, 0x0000000100000000)
  eden space 4096K, 99% used [0x00000000d5580000,0x00000000d597f930,0x00000000d5980000)
  from space 512K, 100% used [0x00000000d5b80000,0x00000000d5c00000,0x00000000d5c00000)
  to   space 1024K, 0% used [0x00000000d5a00000,0x00000000d5a00000,0x00000000d5b00000)
 ParOldGen       total 574464K, used 574167K [0x0000000080000000, 0x00000000a3100000, 0x00000000d5580000)
  object space 574464K, 99% used [0x0000000080000000,0x00000000a30b5fc8,0x00000000a3100000)
 Metaspace       used 88357K, committed 90176K, reserved 1179648K
  class space    used 9237K, committed 10048K, reserved 1048576K
}
Event: 887.208 GC heap after
{Heap after GC invocations=1371 (full 4):
 PSYoungGen      total 5120K, used 608K [0x00000000d5580000, 0x00000000d5c00000, 0x0000000100000000)
  eden space 4096K, 0% used [0x00000000d5580000,0x00000000d5580000,0x00000000d5980000)
  from space 1024K, 59% used [0x00000000d5a00000,0x00000000d5a98000,0x00000000d5b00000)
  to   space 1024K, 0% used [0x00000000d5b00000,0x00000000d5b00000,0x00000000d5c00000)
 ParOldGen       total 574976K, used 574690K [0x0000000080000000, 0x00000000a3180000, 0x00000000d5580000)
  object space 574976K, 99% used [0x0000000080000000,0x00000000a31388e8,0x00000000a3180000)
 Metaspace       used 88357K, committed 90176K, reserved 1179648K
  class space    used 9237K, committed 10048K, reserved 1048576K
}
Event: 887.789 GC heap before
{Heap before GC invocations=1372 (full 4):
 PSYoungGen      total 5120K, used 4704K [0x00000000d5580000, 0x00000000d5c00000, 0x0000000100000000)
  eden space 4096K, 100% used [0x00000000d5580000,0x00000000d5980000,0x00000000d5980000)
  from space 1024K, 59% used [0x00000000d5a00000,0x00000000d5a98000,0x00000000d5b00000)
  to   space 1024K, 0% used [0x00000000d5b00000,0x00000000d5b00000,0x00000000d5c00000)
 ParOldGen       total 574976K, used 574690K [0x0000000080000000, 0x00000000a3180000, 0x00000000d5580000)
  object space 574976K, 99% used [0x0000000080000000,0x00000000a31388e8,0x00000000a3180000)
 Metaspace       used 88357K, committed 90176K, reserved 1179648K
  class space    used 9237K, committed 10048K, reserved 1048576K
}
Event: 887.792 GC heap after
{Heap after GC invocations=1372 (full 4):
 PSYoungGen      total 5120K, used 704K [0x00000000d5580000, 0x00000000d5c00000, 0x0000000100000000)
  eden space 4096K, 0% used [0x00000000d5580000,0x00000000d5580000,0x00000000d5980000)
  from space 1024K, 68% used [0x00000000d5b00000,0x00000000d5bb0000,0x00000000d5c00000)
  to   space 1024K, 0% used [0x00000000d5a00000,0x00000000d5a00000,0x00000000d5b00000)
 ParOldGen       total 574976K, used 574866K [0x0000000080000000, 0x00000000a3180000, 0x00000000d5580000)
  object space 574976K, 99% used [0x0000000080000000,0x00000000a31648e8,0x00000000a3180000)
 Metaspace       used 88357K, committed 90176K, reserved 1179648K
  class space    used 9237K, committed 10048K, reserved 1048576K
}
Event: 887.828 GC heap before
{Heap before GC invocations=1373 (full 4):
 PSYoungGen      total 5120K, used 4800K [0x00000000d5580000, 0x00000000d5c00000, 0x0000000100000000)
  eden space 4096K, 100% used [0x00000000d5580000,0x00000000d5980000,0x00000000d5980000)
  from space 1024K, 68% used [0x00000000d5b00000,0x00000000d5bb0000,0x00000000d5c00000)
  to   space 1024K, 0% used [0x00000000d5a00000,0x00000000d5a00000,0x00000000d5b00000)
 ParOldGen       total 574976K, used 574866K [0x0000000080000000, 0x00000000a3180000, 0x00000000d5580000)
  object space 574976K, 99% used [0x0000000080000000,0x00000000a31648e8,0x00000000a3180000)
 Metaspace       used 88357K, committed 90176K, reserved 1179648K
  class space    used 9237K, committed 10048K, reserved 1048576K
}
Event: 887.831 GC heap after
{Heap after GC invocations=1373 (full 4):
 PSYoungGen      total 5120K, used 192K [0x00000000d5580000, 0x00000000d5b80000, 0x0000000100000000)
  eden space 4096K, 0% used [0x00000000d5580000,0x00000000d5580000,0x00000000d5980000)
  from space 1024K, 18% used [0x00000000d5a00000,0x00000000d5a30000,0x00000000d5b00000)
  to   space 512K, 0% used [0x00000000d5b00000,0x00000000d5b00000,0x00000000d5b80000)
 ParOldGen       total 575488K, used 575368K [0x0000000080000000, 0x00000000a3200000, 0x00000000d5580000)
  object space 575488K, 99% used [0x0000000080000000,0x00000000a31e2338,0x00000000a3200000)
 Metaspace       used 88357K, committed 90176K, reserved 1179648K
  class space    used 9237K, committed 10048K, reserved 1048576K
}
Event: 888.613 GC heap before
{Heap before GC invocations=1374 (full 4):
 PSYoungGen      total 5120K, used 4288K [0x00000000d5580000, 0x00000000d5b80000, 0x0000000100000000)
  eden space 4096K, 100% used [0x00000000d5580000,0x00000000d5980000,0x00000000d5980000)
  from space 1024K, 18% used [0x00000000d5a00000,0x00000000d5a30000,0x00000000d5b00000)
  to   space 512K, 0% used [0x00000000d5b00000,0x00000000d5b00000,0x00000000d5b80000)
 ParOldGen       total 575488K, used 575368K [0x0000000080000000, 0x00000000a3200000, 0x00000000d5580000)
  object space 575488K, 99% used [0x0000000080000000,0x00000000a31e2338,0x00000000a3200000)
 Metaspace       used 88371K, committed 90176K, reserved 1179648K
  class space    used 9237K, committed 10048K, reserved 1048576K
}
Event: 888.616 GC heap after
{Heap after GC invocations=1374 (full 4):
 PSYoungGen      total 4608K, used 496K [0x00000000d5580000, 0x00000000d5b80000, 0x0000000100000000)
  eden space 4096K, 0% used [0x00000000d5580000,0x00000000d5580000,0x00000000d5980000)
  from space 512K, 96% used [0x00000000d5b00000,0x00000000d5b7c010,0x00000000d5b80000)
  to   space 1024K, 0% used [0x00000000d5980000,0x00000000d5980000,0x00000000d5a80000)
 ParOldGen       total 575488K, used 575384K [0x0000000080000000, 0x00000000a3200000, 0x00000000d5580000)
  object space 575488K, 99% used [0x0000000080000000,0x00000000a31e6338,0x00000000a3200000)
 Metaspace       used 88371K, committed 90176K, reserved 1179648K
  class space    used 9237K, committed 10048K, reserved 1048576K
}
Event: 888.873 GC heap before
{Heap before GC invocations=1375 (full 4):
 PSYoungGen      total 4608K, used 4592K [0x00000000d5580000, 0x00000000d5b80000, 0x0000000100000000)
  eden space 4096K, 100% used [0x00000000d5580000,0x00000000d5980000,0x00000000d5980000)
  from space 512K, 96% used [0x00000000d5b00000,0x00000000d5b7c010,0x00000000d5b80000)
  to   space 1024K, 0% used [0x00000000d5980000,0x00000000d5980000,0x00000000d5a80000)
 ParOldGen       total 575488K, used 575384K [0x0000000080000000, 0x00000000a3200000, 0x00000000d5580000)
  object space 575488K, 99% used [0x0000000080000000,0x00000000a31e6338,0x00000000a3200000)
 Metaspace       used 88381K, committed 90176K, reserved 1179648K
  class space    used 9237K, committed 10048K, reserved 1048576K
}
Event: 888.882 GC heap after
{Heap after GC invocations=1375 (full 4):
 PSYoungGen      total 5120K, used 240K [0x00000000d5580000, 0x00000000d5b80000, 0x0000000100000000)
  eden space 4096K, 0% used [0x00000000d5580000,0x00000000d5580000,0x00000000d5980000)
  from space 1024K, 23% used [0x00000000d5980000,0x00000000d59bc010,0x00000000d5a80000)
  to   space 512K, 0% used [0x00000000d5b00000,0x00000000d5b00000,0x00000000d5b80000)
 ParOldGen       total 576000K, used 575863K [0x0000000080000000, 0x00000000a3280000, 0x00000000d5580000)
  object space 576000K, 99% used [0x0000000080000000,0x00000000a325dd88,0x00000000a3280000)
 Metaspace       used 88381K, committed 90176K, reserved 1179648K
  class space    used 9237K, committed 10048K, reserved 1048576K
}
Event: 889.449 GC heap before
{Heap before GC invocations=1376 (full 4):
 PSYoungGen      total 5120K, used 4336K [0x00000000d5580000, 0x00000000d5b80000, 0x0000000100000000)
  eden space 4096K, 100% used [0x00000000d5580000,0x00000000d5980000,0x00000000d5980000)
  from space 1024K, 23% used [0x00000000d5980000,0x00000000d59bc010,0x00000000d5a80000)
  to   space 512K, 0% used [0x00000000d5b00000,0x00000000d5b00000,0x00000000d5b80000)
 ParOldGen       total 576000K, used 575863K [0x0000000080000000, 0x00000000a3280000, 0x00000000d5580000)
  object space 576000K, 99% used [0x0000000080000000,0x00000000a325dd88,0x00000000a3280000)
 Metaspace       used 88381K, committed 90176K, reserved 1179648K
  class space    used 9237K, committed 10048K, reserved 1048576K
}
Event: 889.452 GC heap after
{Heap after GC invocations=1376 (full 4):
 PSYoungGen      total 4608K, used 484K [0x00000000d5580000, 0x00000000d5c80000, 0x0000000100000000)
  eden space 4096K, 0% used [0x00000000d5580000,0x00000000d5580000,0x00000000d5980000)
  from space 512K, 94% used [0x00000000d5b00000,0x00000000d5b79018,0x00000000d5b80000)
  to   space 1536K, 0% used [0x00000000d5980000,0x00000000d5980000,0x00000000d5b00000)
 ParOldGen       total 576512K, used 576291K [0x0000000080000000, 0x00000000a3300000, 0x00000000d5580000)
  object space 576512K, 99% used [0x0000000080000000,0x00000000a32c8da0,0x00000000a3300000)
 Metaspace       used 88381K, committed 90176K, reserved 1179648K
  class space    used 9237K, committed 10048K, reserved 1048576K
}
Event: 889.469 GC heap before
{Heap before GC invocations=1377 (full 4):
 PSYoungGen      total 4608K, used 4577K [0x00000000d5580000, 0x00000000d5c80000, 0x0000000100000000)
  eden space 4096K, 99% used [0x00000000d5580000,0x00000000d597f7c0,0x00000000d5980000)
  from space 512K, 94% used [0x00000000d5b00000,0x00000000d5b79018,0x00000000d5b80000)
  to   space 1536K, 0% used [0x00000000d5980000,0x00000000d5980000,0x00000000d5b00000)
 ParOldGen       total 576512K, used 576291K [0x0000000080000000, 0x00000000a3300000, 0x00000000d5580000)
  object space 576512K, 99% used [0x0000000080000000,0x00000000a32c8da0,0x00000000a3300000)
 Metaspace       used 88381K, committed 90176K, reserved 1179648K
  class space    used 9237K, committed 10048K, reserved 1048576K
}
Event: 889.475 GC heap after
{Heap after GC invocations=1377 (full 4):
 PSYoungGen      total 5632K, used 1536K [0x00000000d5580000, 0x00000000d6480000, 0x0000000100000000)
  eden space 4096K, 0% used [0x00000000d5580000,0x00000000d5580000,0x00000000d5980000)
  from space 1536K, 100% used [0x00000000d5980000,0x00000000d5b00000,0x00000000d5b00000)
  to   space 5632K, 0% used [0x00000000d5f00000,0x00000000d5f00000,0x00000000d6480000)
 ParOldGen       total 579584K, used 579295K [0x0000000080000000, 0x00000000a3600000, 0x00000000d5580000)
  object space 579584K, 99% used [0x0000000080000000,0x00000000a35b7dc8,0x00000000a3600000)
 Metaspace       used 88381K, committed 90176K, reserved 1179648K
  class space    used 9237K, committed 10048K, reserved 1048576K
}
Event: 889.525 GC heap before
{Heap before GC invocations=1378 (full 4):
 PSYoungGen      total 5632K, used 5496K [0x00000000d5580000, 0x00000000d6480000, 0x0000000100000000)
  eden space 4096K, 96% used [0x00000000d5580000,0x00000000d595e380,0x00000000d5980000)
  from space 1536K, 100% used [0x00000000d5980000,0x00000000d5b00000,0x00000000d5b00000)
  to   space 5632K, 0% used [0x00000000d5f00000,0x00000000d5f00000,0x00000000d6480000)
 ParOldGen       total 579584K, used 579295K [0x0000000080000000, 0x00000000a3600000, 0x00000000d5580000)
  object space 579584K, 99% used [0x0000000080000000,0x00000000a35b7dc8,0x00000000a3600000)
 Metaspace       used 88382K, committed 90176K, reserved 1179648K
  class space    used 9237K, committed 10048K, reserved 1048576K
}
Event: 889.535 GC heap after
{Heap after GC invocations=1378 (full 4):
 PSYoungGen      total 6144K, used 1728K [0x00000000d5580000, 0x00000000d6100000, 0x0000000100000000)
  eden space 4096K, 0% used [0x00000000d5580000,0x00000000d5580000,0x00000000d5980000)
  from space 2048K, 84% used [0x00000000d5f00000,0x00000000d60b0020,0x00000000d6100000)
  to   space 3072K, 0% used [0x00000000d5b00000,0x00000000d5b00000,0x00000000d5e00000)
 ParOldGen       total 581120K, used 580855K [0x0000000080000000, 0x00000000a3780000, 0x00000000d5580000)
  object space 581120K, 99% used [0x0000000080000000,0x00000000a373ddc8,0x00000000a3780000)
 Metaspace       used 88382K, committed 90176K, reserved 1179648K
  class space    used 9237K, committed 10048K, reserved 1048576K
}
Event: 889.614 GC heap before
{Heap before GC invocations=1379 (full 4):
 PSYoungGen      total 6144K, used 5824K [0x00000000d5580000, 0x00000000d6100000, 0x0000000100000000)
  eden space 4096K, 100% used [0x00000000d5580000,0x00000000d5980000,0x00000000d5980000)
  from space 2048K, 84% used [0x00000000d5f00000,0x00000000d60b0020,0x00000000d6100000)
  to   space 3072K, 0% used [0x00000000d5b00000,0x00000000d5b00000,0x00000000d5e00000)
 ParOldGen       total 581120K, used 580855K [0x0000000080000000, 0x00000000a3780000, 0x00000000d5580000)
  object space 581120K, 99% used [0x0000000080000000,0x00000000a373ddc8,0x00000000a3780000)
 Metaspace       used 88382K, committed 90176K, reserved 1179648K
  class space    used 9237K, committed 10048K, reserved 1048576K
}
Event: 889.620 GC heap after
{Heap after GC invocations=1379 (full 4):
 PSYoungGen      total 7168K, used 3056K [0x00000000d5580000, 0x00000000d6480000, 0x0000000100000000)
  eden space 4096K, 0% used [0x00000000d5580000,0x00000000d5580000,0x00000000d5980000)
  from space 3072K, 99% used [0x00000000d5b00000,0x00000000d5dfc000,0x00000000d5e00000)
  to   space 5632K, 0% used [0x00000000d5f00000,0x00000000d5f00000,0x00000000d6480000)
 ParOldGen       total 582656K, used 582463K [0x0000000080000000, 0x00000000a3900000, 0x00000000d5580000)
  object space 582656K, 99% used [0x0000000080000000,0x00000000a38cfde8,0x00000000a3900000)
 Metaspace       used 88382K, committed 90176K, reserved 1179648K
  class space    used 9237K, committed 10048K, reserved 1048576K
}
Event: 891.757 GC heap before
{Heap before GC invocations=1380 (full 4):
 PSYoungGen      total 7168K, used 7152K [0x00000000d5580000, 0x00000000d6480000, 0x0000000100000000)
  eden space 4096K, 100% used [0x00000000d5580000,0x00000000d5980000,0x00000000d5980000)
  from space 3072K, 99% used [0x00000000d5b00000,0x00000000d5dfc000,0x00000000d5e00000)
  to   space 5632K, 0% used [0x00000000d5f00000,0x00000000d5f00000,0x00000000d6480000)
 ParOldGen       total 582656K, used 582463K [0x0000000080000000, 0x00000000a3900000, 0x00000000d5580000)
  object space 582656K, 99% used [0x0000000080000000,0x00000000a38cfde8,0x00000000a3900000)
 Metaspace       used 88384K, committed 90176K, reserved 1179648K
  class space    used 9237K, committed 10048K, reserved 1048576K
}
Event: 891.762 GC heap after
{Heap after GC invocations=1380 (full 4):
 PSYoungGen      total 4608K, used 256K [0x00000000d5580000, 0x00000000d5f80000, 0x0000000100000000)
  eden space 4096K, 0% used [0x00000000d5580000,0x00000000d5580000,0x00000000d5980000)
  from space 512K, 50% used [0x00000000d5f00000,0x00000000d5f40020,0x00000000d5f80000)
  to   space 2048K, 0% used [0x00000000d5b80000,0x00000000d5b80000,0x00000000d5d80000)
 ParOldGen       total 585728K, used 585455K [0x0000000080000000, 0x00000000a3c00000, 0x00000000d5580000)
  object space 585728K, 99% used [0x0000000080000000,0x00000000a3bbbde8,0x00000000a3c00000)
 Metaspace       used 88384K, committed 90176K, reserved 1179648K
  class space    used 9237K, committed 10048K, reserved 1048576K
}

Dll operation events (12 events):
Event: 0.017 Loaded shared library c:\Users\Swapnil\.vscode\extensions\redhat.java-1.54.0-win32-x64\jre\21.0.10-win32-x86_64\bin\java.dll
Event: 0.150 Loaded shared library c:\Users\Swapnil\.vscode\extensions\redhat.java-1.54.0-win32-x64\jre\21.0.10-win32-x86_64\bin\zip.dll
Event: 0.181 Loaded shared library C:\Users\Swapnil\.vscode\extensions\redhat.java-1.54.0-win32-x64\jre\21.0.10-win32-x86_64\bin\instrument.dll
Event: 0.186 Loaded shared library C:\Users\Swapnil\.vscode\extensions\redhat.java-1.54.0-win32-x64\jre\21.0.10-win32-x86_64\bin\net.dll
Event: 0.188 Loaded shared library C:\Users\Swapnil\.vscode\extensions\redhat.java-1.54.0-win32-x64\jre\21.0.10-win32-x86_64\bin\nio.dll
Event: 0.190 Loaded shared library C:\Users\Swapnil\.vscode\extensions\redhat.java-1.54.0-win32-x64\jre\21.0.10-win32-x86_64\bin\zip.dll
Event: 0.215 Loaded shared library C:\Users\Swapnil\.vscode\extensions\redhat.java-1.54.0-win32-x64\jre\21.0.10-win32-x86_64\bin\jimage.dll
Event: 0.285 Loaded shared library c:\Users\Swapnil\.vscode\extensions\redhat.java-1.54.0-win32-x64\jre\21.0.10-win32-x86_64\bin\verify.dll
Event: 2.722 Loaded shared library C:\Users\Swapnil\AppData\Roaming\Code\User\globalStorage\redhat.java\1.54.0\config_win\org.eclipse.equinox.launcher\org.eclipse.equinox.launcher.win32.win32.x86_64_1.3.0.v20260203-2149\eclipse_11919.dll
Event: 6.704 Loaded shared library C:\Users\Swapnil\AppData\Local\Temp\jna--146709634\jna18145607893924301690.dll
Event: 9.269 Loaded shared library C:\Users\Swapnil\.vscode\extensions\redhat.java-1.54.0-win32-x64\jre\21.0.10-win32-x86_64\bin\sunmscapi.dll
Event: 13.918 Loaded shared library C:\Users\Swapnil\.vscode\extensions\redhat.java-1.54.0-win32-x64\jre\21.0.10-win32-x86_64\bin\extnet.dll

Deoptimization events (20 events):
Event: 827.965 Thread 0x00000283ef117100 DEOPT PACKING pc=0x000002839c0ebf7c sp=0x000000fa231fed00
Event: 827.966 Thread 0x00000283ef117100 DEOPT UNPACKING pc=0x000002839b3b6da2 sp=0x000000fa231fec88 mode 2
Event: 827.966 Thread 0x00000283ef117100 Uncommon trap: trap_request=0xffffffc6 fr.pc=0x000002839c0ebf7c relative=0x000000000000005c
Event: 827.966 Thread 0x00000283ef117100 Uncommon trap: reason=bimorphic_or_optimized_type_check action=maybe_recompile pc=0x000002839c0ebf7c method=java.util.stream.Nodes.flatten(Ljava/util/stream/Node;Ljava/util/function/IntFunction;)Ljava/util/stream/Node; @ 1 c2
Event: 827.966 Thread 0x00000283ef117100 DEOPT PACKING pc=0x000002839c0ebf7c sp=0x000000fa231fef50
Event: 827.966 Thread 0x00000283ef117100 DEOPT UNPACKING pc=0x000002839b3b6da2 sp=0x000000fa231feec8 mode 2
Event: 877.009 Thread 0x00000283ef110e90 Uncommon trap: trap_request=0xffffffc6 fr.pc=0x000002839bb871e0 relative=0x00000000000003e0
Event: 877.009 Thread 0x00000283ef110e90 Uncommon trap: reason=bimorphic_or_optimized_type_check action=maybe_recompile pc=0x000002839bb871e0 method=java.lang.ThreadLocal.set(Ljava/lang/Thread;Ljava/lang/Object;)V @ 22 c2
Event: 877.009 Thread 0x00000283ef110e90 DEOPT PACKING pc=0x000002839bb871e0 sp=0x000000fa220febd0
Event: 877.009 Thread 0x00000283ef110e90 DEOPT UNPACKING pc=0x000002839b3b6da2 sp=0x000000fa220feb18 mode 2
Event: 887.631 Thread 0x00000283efcb62d0 Uncommon trap: trap_request=0xffffff45 fr.pc=0x000002839c87e5dc relative=0x0000000000000c9c
Event: 887.631 Thread 0x00000283efcb62d0 Uncommon trap: reason=unstable_if action=reinterpret pc=0x000002839c87e5dc method=java.util.concurrent.ForkJoinPool.signalWork()V @ 184 c2
Event: 887.631 Thread 0x00000283efcb62d0 DEOPT PACKING pc=0x000002839c87e5dc sp=0x000000fa22cfe9b0
Event: 887.632 Thread 0x00000283efcb62d0 DEOPT UNPACKING pc=0x000002839b3b6da2 sp=0x000000fa22cfe698 mode 2
Event: 893.037 Thread 0x00000283ef114310 DEOPT PACKING pc=0x00000283965b10bb sp=0x000000fa236feb20
Event: 893.037 Thread 0x00000283ef114310 DEOPT UNPACKING pc=0x000002839b3b78e2 sp=0x000000fa236fe050 mode 0
Event: 893.810 Thread 0x00000283efcb4200 Uncommon trap: trap_request=0xffffff45 fr.pc=0x000002839c92eff8 relative=0x0000000000000538
Event: 893.810 Thread 0x00000283efcb4200 Uncommon trap: reason=unstable_if action=reinterpret pc=0x000002839c92eff8 method=java.util.concurrent.ForkJoinPool$WorkQueue.topLevelExec(Ljava/util/concurrent/ForkJoinTask;Ljava/util/concurrent/ForkJoinPool$WorkQueue;)V @ 31 c2
Event: 893.810 Thread 0x00000283efcb4200 DEOPT PACKING pc=0x000002839c92eff8 sp=0x000000fa22eff210
Event: 893.810 Thread 0x00000283efcb4200 DEOPT UNPACKING pc=0x000002839b3b6da2 sp=0x000000fa22eff108 mode 2

Classes loaded (20 events):
Event: 314.834 Loading class java/util/stream/Nodes$CollectorTask$OfRef
Event: 314.835 Loading class java/util/stream/Nodes$CollectorTask
Event: 314.836 Loading class java/util/stream/Nodes$CollectorTask done
Event: 314.836 Loading class java/util/stream/Nodes$CollectorTask$OfRef done
Event: 314.839 Loading class java/util/function/LongFunction
Event: 314.840 Loading class java/util/function/LongFunction done
Event: 314.840 Loading class java/util/stream/Nodes$ConcNode
Event: 314.841 Loading class java/util/stream/Nodes$AbstractConcNode
Event: 314.841 Loading class java/util/stream/Nodes$AbstractConcNode done
Event: 314.841 Loading class java/util/stream/Nodes$ConcNode done
Event: 314.842 Loading class java/util/stream/Nodes$ToArrayTask$OfRef
Event: 314.842 Loading class java/util/stream/Nodes$ToArrayTask
Event: 314.843 Loading class java/util/stream/Nodes$ToArrayTask done
Event: 314.843 Loading class java/util/stream/Nodes$ToArrayTask$OfRef done
Event: 314.848 Loading class java/io/ObjectOutputStream$BlockDataOutputStream
Event: 314.850 Loading class java/io/ObjectOutputStream$BlockDataOutputStream done
Event: 314.850 Loading class java/io/ObjectOutputStream$HandleTable
Event: 314.850 Loading class java/io/ObjectOutputStream$HandleTable done
Event: 314.850 Loading class java/io/ObjectOutputStream$ReplaceTable
Event: 314.850 Loading class java/io/ObjectOutputStream$ReplaceTable done

Classes unloaded (13 events):
Event: 7.653 Thread 0x0000028390cd9c60 Unloading class 0x00000283a91a8c00 'java/lang/invoke/LambdaForm$MH+0x00000283a91a8c00'
Event: 7.654 Thread 0x0000028390cd9c60 Unloading class 0x00000283a91a8800 'java/lang/invoke/LambdaForm$MH+0x00000283a91a8800'
Event: 7.654 Thread 0x0000028390cd9c60 Unloading class 0x00000283a91a8400 'java/lang/invoke/LambdaForm$MH+0x00000283a91a8400'
Event: 7.654 Thread 0x0000028390cd9c60 Unloading class 0x00000283a91a8000 'java/lang/invoke/LambdaForm$MH+0x00000283a91a8000'
Event: 7.654 Thread 0x0000028390cd9c60 Unloading class 0x00000283a91a7c00 'java/lang/invoke/LambdaForm$BMH+0x00000283a91a7c00'
Event: 7.654 Thread 0x0000028390cd9c60 Unloading class 0x00000283a91a7800 'java/lang/invoke/LambdaForm$DMH+0x00000283a91a7800'
Event: 7.654 Thread 0x0000028390cd9c60 Unloading class 0x00000283a91a6400 'java/lang/invoke/LambdaForm$DMH+0x00000283a91a6400'
Event: 9.390 Thread 0x0000028390cd9c60 Unloading class 0x00000283a9342400 'java/lang/invoke/LambdaForm$MH+0x00000283a9342400'
Event: 9.390 Thread 0x0000028390cd9c60 Unloading class 0x00000283a9341c00 'java/lang/invoke/LambdaForm$MH+0x00000283a9341c00'
Event: 9.390 Thread 0x0000028390cd9c60 Unloading class 0x00000283a9341400 'java/lang/invoke/LambdaForm$MH+0x00000283a9341400'
Event: 9.390 Thread 0x0000028390cd9c60 Unloading class 0x00000283a9340c00 'java/lang/invoke/LambdaForm$MH+0x00000283a9340c00'
Event: 9.390 Thread 0x0000028390cd9c60 Unloading class 0x00000283a9340400 'java/lang/invoke/LambdaForm$DMH+0x00000283a9340400'
Event: 9.390 Thread 0x0000028390cd9c60 Unloading class 0x00000283a933dc00 'java/lang/invoke/LambdaForm$MH+0x00000283a933dc00'

Classes redefined (0 events):
No events

Internal exceptions (20 events):
Event: 796.716 Thread 0x00000283ee764e60 Exception <a 'sun/nio/fs/WindowsException'{0x00000000d56962e0}> (0x00000000d56962e0) 
thrown [s\src\hotspot\share\prims\jni.cpp, line 520]
Event: 797.213 Thread 0x00000283ee764e60 Exception <a 'sun/nio/fs/WindowsException'{0x00000000d57e9f40}> (0x00000000d57e9f40) 
thrown [s\src\hotspot\share\prims\jni.cpp, line 520]
Event: 876.630 Thread 0x00000283efcb6960 Exception <a 'sun/nio/fs/WindowsException'{0x00000000d5736af0}> (0x00000000d5736af0) 
thrown [s\src\hotspot\share\prims\jni.cpp, line 520]
Event: 876.630 Thread 0x00000283efcb6960 Exception <a 'sun/nio/fs/WindowsException'{0x00000000d5737120}> (0x00000000d5737120) 
thrown [s\src\hotspot\share\prims\jni.cpp, line 520]
Event: 876.631 Thread 0x00000283efcb6960 Exception <a 'sun/nio/fs/WindowsException'{0x00000000d5737d38}> (0x00000000d5737d38) 
thrown [s\src\hotspot\share\prims\jni.cpp, line 520]
Event: 876.631 Thread 0x00000283efcb6960 Exception <a 'sun/nio/fs/WindowsException'{0x00000000d57392b8}> (0x00000000d57392b8) 
thrown [s\src\hotspot\share\prims\jni.cpp, line 520]
Event: 876.631 Thread 0x00000283efcb6960 Exception <a 'sun/nio/fs/WindowsException'{0x00000000d573a808}> (0x00000000d573a808) 
thrown [s\src\hotspot\share\prims\jni.cpp, line 520]
Event: 876.632 Thread 0x00000283efcb6960 Exception <a 'sun/nio/fs/WindowsException'{0x00000000d573ae38}> (0x00000000d573ae38) 
thrown [s\src\hotspot\share\prims\jni.cpp, line 520]
Event: 876.632 Thread 0x00000283efcb6960 Exception <a 'sun/nio/fs/WindowsException'{0x00000000d573bc70}> (0x00000000d573bc70) 
thrown [s\src\hotspot\share\prims\jni.cpp, line 520]
Event: 876.632 Thread 0x00000283efcb6960 Exception <a 'sun/nio/fs/WindowsException'{0x00000000d573c2a0}> (0x00000000d573c2a0) 
thrown [s\src\hotspot\share\prims\jni.cpp, line 520]
Event: 889.384 Thread 0x00000283ee764e60 Exception <a 'sun/nio/fs/WindowsException'{0x00000000d5836e08}> (0x00000000d5836e08) 
thrown [s\src\hotspot\share\prims\jni.cpp, line 520]
Event: 889.612 Thread 0x00000283ee764e60 Exception <a 'sun/nio/fs/WindowsException'{0x00000000d5978b50}> (0x00000000d5978b50) 
thrown [s\src\hotspot\share\prims\jni.cpp, line 520]
Event: 891.586 Thread 0x00000283efcb4200 Exception <a 'sun/nio/fs/WindowsException'{0x00000000d58df548}> (0x00000000d58df548) 
thrown [s\src\hotspot\share\prims\jni.cpp, line 520]
Event: 891.587 Thread 0x00000283efcb4200 Exception <a 'sun/nio/fs/WindowsException'{0x00000000d58dfb78}> (0x00000000d58dfb78) 
thrown [s\src\hotspot\share\prims\jni.cpp, line 520]
Event: 891.587 Thread 0x00000283efcb4200 Exception <a 'sun/nio/fs/WindowsException'{0x00000000d58e09d8}> (0x00000000d58e09d8) 
thrown [s\src\hotspot\share\prims\jni.cpp, line 520]
Event: 891.587 Thread 0x00000283efcb4200 Exception <a 'sun/nio/fs/WindowsException'{0x00000000d58e12b8}> (0x00000000d58e12b8) 
thrown [s\src\hotspot\share\prims\jni.cpp, line 520]
Event: 891.588 Thread 0x00000283efcb4200 Exception <a 'sun/nio/fs/WindowsException'{0x00000000d58e2808}> (0x00000000d58e2808) 
thrown [s\src\hotspot\share\prims\jni.cpp, line 520]
Event: 891.588 Thread 0x00000283efcb4200 Exception <a 'sun/nio/fs/WindowsException'{0x00000000d58e2e38}> (0x00000000d58e2e38) 
thrown [s\src\hotspot\share\prims\jni.cpp, line 520]
Event: 891.589 Thread 0x00000283efcb4200 Exception <a 'sun/nio/fs/WindowsException'{0x00000000d58e3a28}> (0x00000000d58e3a28) 
thrown [s\src\hotspot\share\prims\jni.cpp, line 520]
Event: 891.589 Thread 0x00000283efcb4200 Exception <a 'sun/nio/fs/WindowsException'{0x00000000d58e4058}> (0x00000000d58e4058) 
thrown [s\src\hotspot\share\prims\jni.cpp, line 520]

ZGC Phase Switch (0 events):
No events

VM Operations (20 events):
Event: 2704.679 Executing non-safepoint VM operation: HandshakeAllThreads (HandshakeForDeflation)
Event: 2704.679 Executing non-safepoint VM operation: HandshakeAllThreads (HandshakeForDeflation) done
Event: 2704.679 Executing non-safepoint VM operation: RendezvousGCThreads
Event: 2704.679 Executing non-safepoint VM operation: RendezvousGCThreads done
Event: 2764.848 Executing non-safepoint VM operation: HandshakeAllThreads (HandshakeForDeflation)
Event: 2764.848 Executing non-safepoint VM operation: HandshakeAllThreads (HandshakeForDeflation) done
Event: 2764.848 Executing non-safepoint VM operation: RendezvousGCThreads
Event: 2764.848 Executing non-safepoint VM operation: RendezvousGCThreads done
Event: 3065.276 Executing non-safepoint VM operation: HandshakeAllThreads (HandshakeForDeflation)
Event: 3065.277 Executing non-safepoint VM operation: HandshakeAllThreads (HandshakeForDeflation) done
Event: 3065.277 Executing non-safepoint VM operation: RendezvousGCThreads
Event: 3065.277 Executing non-safepoint VM operation: RendezvousGCThreads done
Event: 3125.513 Executing non-safepoint VM operation: HandshakeAllThreads (HandshakeForDeflation)
Event: 3125.513 Executing non-safepoint VM operation: HandshakeAllThreads (HandshakeForDeflation) done
Event: 3125.513 Executing non-safepoint VM operation: RendezvousGCThreads
Event: 3125.513 Executing non-safepoint VM operation: RendezvousGCThreads done
Event: 3185.614 Executing non-safepoint VM operation: HandshakeAllThreads (HandshakeForDeflation)
Event: 3185.614 Executing non-safepoint VM operation: HandshakeAllThreads (HandshakeForDeflation) done
Event: 3185.614 Executing non-safepoint VM operation: RendezvousGCThreads
Event: 3185.614 Executing non-safepoint VM operation: RendezvousGCThreads done

Memory protections (0 events):
No events

Nmethod flushes (20 events):
Event: 129.333 Thread 0x0000028390cd9c60 flushing  nmethod 0x0000028394a2eb90
Event: 129.333 Thread 0x0000028390cd9c60 flushing  nmethod 0x0000028394a32090
Event: 129.333 Thread 0x0000028390cd9c60 flushing  nmethod 0x0000028394a33990
Event: 129.333 Thread 0x0000028390cd9c60 flushing  nmethod 0x0000028394a34f10
Event: 129.333 Thread 0x0000028390cd9c60 flushing  nmethod 0x0000028394a35290
Event: 129.333 Thread 0x0000028390cd9c60 flushing  nmethod 0x0000028394a36210
Event: 129.333 Thread 0x0000028390cd9c60 flushing  nmethod 0x0000028394a36690
Event: 129.333 Thread 0x0000028390cd9c60 flushing  nmethod 0x0000028394a36d90
Event: 129.333 Thread 0x0000028390cd9c60 flushing  nmethod 0x0000028394a37110
Event: 129.333 Thread 0x0000028390cd9c60 flushing  nmethod 0x0000028394a4f010
Event: 129.333 Thread 0x0000028390cd9c60 flushing  nmethod 0x0000028394a62210
Event: 129.333 Thread 0x0000028390cd9c60 flushing  nmethod 0x0000028394a66390
Event: 129.333 Thread 0x0000028390cd9c60 flushing  nmethod 0x0000028394a66a10
Event: 129.333 Thread 0x0000028390cd9c60 flushing  nmethod 0x0000028394a72290
Event: 129.333 Thread 0x0000028390cd9c60 flushing  nmethod 0x0000028394a73590
Event: 129.333 Thread 0x0000028390cd9c60 flushing  nmethod 0x0000028394b13d10
Event: 129.333 Thread 0x0000028390cd9c60 flushing  nmethod 0x0000028394b43a90
Event: 129.333 Thread 0x0000028390cd9c60 flushing  nmethod 0x0000028394b90290
Event: 129.333 Thread 0x0000028390cd9c60 flushing  nmethod 0x0000028394b9f990
Event: 129.333 Thread 0x0000028390cd9c60 flushing  nmethod 0x0000028394b9fe90

Events (20 events):
Event: 949.498 Thread 0x00000283ef115d50 Thread exited: 0x00000283ef115d50
Event: 951.734 Thread 0x00000283ee7675c0 Thread exited: 0x00000283ee7675c0
Event: 953.813 Thread 0x00000283ef117100 Thread exited: 0x00000283ef117100
Event: 953.846 Thread 0x00000283efcb4200 Thread exited: 0x00000283efcb4200
Event: 1013.861 Thread 0x00000283efcb6960 Thread exited: 0x00000283efcb6960
Event: 1073.868 Thread 0x00000283ef112f60 Thread exited: 0x00000283ef112f60
Event: 1086.332 Thread 0x00000283ef117790 Thread exited: 0x00000283ef117790
Event: 1089.248 Thread 0x00000283ef116a70 Thread exited: 0x00000283ef116a70
Event: 1093.812 Thread 0x00000283ef111520 Thread exited: 0x00000283ef111520
Event: 1095.166 Thread 0x00000283ef1163e0 Thread exited: 0x00000283ef1163e0
Event: 1096.863 Thread 0x00000283ef110800 Thread exited: 0x00000283ef110800
Event: 1189.430 Thread 0x00000283ef1156c0 Thread added: 0x00000283ef117790
Event: 1189.431 Thread 0x00000283ef117790 Thread added: 0x00000283ef1163e0
Event: 1189.431 Thread 0x00000283ef117790 Thread added: 0x00000283ef112f60
Event: 1189.432 Thread 0x00000283ef112f60 Thread exited: 0x00000283ef112f60
Event: 1189.432 Thread 0x00000283ef117790 Thread exited: 0x00000283ef117790
Event: 1189.432 Thread 0x00000283ef1163e0 Thread exited: 0x00000283ef1163e0
Event: 1189.445 Thread 0x00000283ef1156c0 Thread added: 0x00000283ef115d50
Event: 1189.446 Thread 0x00000283ef115d50 Thread exited: 0x00000283ef115d50
Event: 1189.490 Thread 0x00000283ef113c80 Thread exited: 0x00000283ef113c80


Dynamic libraries:
0x00007ff607740000 - 0x00007ff60774e000 	c:\Users\Swapnil\.vscode\extensions\redhat.java-1.54.0-win32-x64\jre\21.0.10-win32-x86_64\bin\java.exe
0x00007ffbc4590000 - 0x00007ffbc47a8000 	C:\WINDOWS\SYSTEM32\ntdll.dll
0x00007ffbc35a0000 - 0x00007ffbc3664000 	C:\WINDOWS\System32\KERNEL32.DLL
0x00007ffbc19b0000 - 0x00007ffbc1d83000 	C:\WINDOWS\System32\KERNELBASE.dll
0x00007ffbc1ed0000 - 0x00007ffbc1fe1000 	C:\WINDOWS\System32\ucrtbase.dll
0x00007ffb999e0000 - 0x00007ffb999fe000 	c:\Users\Swapnil\.vscode\extensions\redhat.java-1.54.0-win32-x64\jre\21.0.10-win32-x86_64\bin\VCRUNTIME140.dll
0x00007ffb9a830000 - 0x00007ffb9a848000 	c:\Users\Swapnil\.vscode\extensions\redhat.java-1.54.0-win32-x64\jre\21.0.10-win32-x86_64\bin\jli.dll
0x00007ffbc3ba0000 - 0x00007ffbc3d52000 	C:\WINDOWS\System32\USER32.dll
0x00007ffbc17e0000 - 0x00007ffbc1806000 	C:\WINDOWS\System32\win32u.dll
0x00007ffbad6f0000 - 0x00007ffbad98c000 	C:\WINDOWS\WinSxS\amd64_microsoft.windows.common-controls_6595b64144ccf1df_6.0.22621.6060_none_2712eda17382d24b\COMCTL32.dll
0x00007ffbc2230000 - 0x00007ffbc2259000 	C:\WINDOWS\System32\GDI32.dll
0x00007ffbc4450000 - 0x00007ffbc44f7000 	C:\WINDOWS\System32\msvcrt.dll
0x00007ffbc1ff0000 - 0x00007ffbc210b000 	C:\WINDOWS\System32\gdi32full.dll
0x00007ffbc2190000 - 0x00007ffbc222a000 	C:\WINDOWS\System32\msvcp_win.dll
0x00007ffbc4500000 - 0x00007ffbc4531000 	C:\WINDOWS\System32\IMM32.DLL
0x00007ffbb95c0000 - 0x00007ffbb95cc000 	c:\Users\Swapnil\.vscode\extensions\redhat.java-1.54.0-win32-x64\jre\21.0.10-win32-x86_64\bin\vcruntime140_1.dll
0x00007ffb979a0000 - 0x00007ffb97a2d000 	c:\Users\Swapnil\.vscode\extensions\redhat.java-1.54.0-win32-x64\jre\21.0.10-win32-x86_64\bin\msvcp140.dll
0x00007ffb795f0000 - 0x00007ffb7a391000 	c:\Users\Swapnil\.vscode\extensions\redhat.java-1.54.0-win32-x64\jre\21.0.10-win32-x86_64\bin\server\jvm.dll
0x00007ffbc3e60000 - 0x00007ffbc3f11000 	C:\WINDOWS\System32\ADVAPI32.dll
0x00007ffbc3f20000 - 0x00007ffbc3fc8000 	C:\WINDOWS\System32\sechost.dll
0x00007ffbc1810000 - 0x00007ffbc1838000 	C:\WINDOWS\System32\bcrypt.dll
0x00007ffbc28e0000 - 0x00007ffbc29f8000 	C:\WINDOWS\System32\RPCRT4.dll
0x00007ffbc2be0000 - 0x00007ffbc2c51000 	C:\WINDOWS\System32\WS2_32.dll
0x00007ffbc0680000 - 0x00007ffbc06cd000 	C:\WINDOWS\SYSTEM32\POWRPROF.dll
0x00007ffbbd110000 - 0x00007ffbbd144000 	C:\WINDOWS\SYSTEM32\WINMM.dll
0x00007ffbc03b0000 - 0x00007ffbc03ba000 	C:\WINDOWS\SYSTEM32\VERSION.dll
0x00007ffbc0610000 - 0x00007ffbc0623000 	C:\WINDOWS\SYSTEM32\UMPDC.dll
0x00007ffbc0770000 - 0x00007ffbc0788000 	C:\WINDOWS\SYSTEM32\kernel.appcore.dll
0x00007ffbab680000 - 0x00007ffbab68a000 	c:\Users\Swapnil\.vscode\extensions\redhat.java-1.54.0-win32-x64\jre\21.0.10-win32-x86_64\bin\jimage.dll
0x00007ffbbee70000 - 0x00007ffbbf0a3000 	C:\WINDOWS\SYSTEM32\DBGHELP.DLL
0x00007ffbc2370000 - 0x00007ffbc2701000 	C:\WINDOWS\System32\combase.dll
0x00007ffbc2710000 - 0x00007ffbc27e8000 	C:\WINDOWS\System32\OLEAUT32.dll
0x00007ffbba520000 - 0x00007ffbba552000 	C:\WINDOWS\SYSTEM32\dbgcore.DLL
0x00007ffbc2110000 - 0x00007ffbc218b000 	C:\WINDOWS\System32\bcryptPrimitives.dll
0x00007ffba9cf0000 - 0x00007ffba9cff000 	c:\Users\Swapnil\.vscode\extensions\redhat.java-1.54.0-win32-x64\jre\21.0.10-win32-x86_64\bin\instrument.dll
0x00007ffb999c0000 - 0x00007ffb999e0000 	c:\Users\Swapnil\.vscode\extensions\redhat.java-1.54.0-win32-x64\jre\21.0.10-win32-x86_64\bin\java.dll
0x00007ffbc2d00000 - 0x00007ffbc359c000 	C:\WINDOWS\System32\SHELL32.dll
0x00007ffbc16a0000 - 0x00007ffbc17df000 	C:\WINDOWS\System32\wintypes.dll
0x00007ffbbf9f0000 - 0x00007ffbc030a000 	C:\WINDOWS\SYSTEM32\windows.storage.dll
0x00007ffbc3700000 - 0x00007ffbc3804000 	C:\WINDOWS\System32\SHCORE.dll
0x00007ffbc27f0000 - 0x00007ffbc2859000 	C:\WINDOWS\System32\shlwapi.dll
0x00007ffbc15d0000 - 0x00007ffbc15f5000 	C:\WINDOWS\SYSTEM32\profapi.dll
0x00007ffb99830000 - 0x00007ffb99848000 	c:\Users\Swapnil\.vscode\extensions\redhat.java-1.54.0-win32-x64\jre\21.0.10-win32-x86_64\bin\zip.dll
0x00007ffba6540000 - 0x00007ffba6550000 	C:\Users\Swapnil\.vscode\extensions\redhat.java-1.54.0-win32-x64\jre\21.0.10-win32-x86_64\bin\net.dll
0x00007ffbbb9d0000 - 0x00007ffbbbafc000 	C:\WINDOWS\SYSTEM32\WINHTTP.dll
0x00007ffbc0c50000 - 0x00007ffbc0cb9000 	C:\WINDOWS\system32\mswsock.dll
0x00007ffb97b90000 - 0x00007ffb97ba6000 	C:\Users\Swapnil\.vscode\extensions\redhat.java-1.54.0-win32-x64\jre\21.0.10-win32-x86_64\bin\nio.dll
0x00007ffba1040000 - 0x00007ffba1050000 	c:\Users\Swapnil\.vscode\extensions\redhat.java-1.54.0-win32-x64\jre\21.0.10-win32-x86_64\bin\verify.dll
0x00007ffb89860000 - 0x00007ffb898a5000 	C:\Users\Swapnil\AppData\Roaming\Code\User\globalStorage\redhat.java\1.54.0\config_win\org.eclipse.equinox.launcher\org.eclipse.equinox.launcher.win32.win32.x86_64_1.3.0.v20260203-2149\eclipse_11919.dll
0x00007ffbc39f0000 - 0x00007ffbc3b91000 	C:\WINDOWS\System32\ole32.dll
0x00007ffbc0ea0000 - 0x00007ffbc0ebb000 	C:\WINDOWS\SYSTEM32\CRYPTSP.dll
0x00007ffbc06d0000 - 0x00007ffbc0707000 	C:\WINDOWS\system32\rsaenh.dll
0x00007ffbc0d40000 - 0x00007ffbc0d68000 	C:\WINDOWS\SYSTEM32\USERENV.dll
0x00007ffbc0ec0000 - 0x00007ffbc0ecc000 	C:\WINDOWS\SYSTEM32\CRYPTBASE.dll
0x00007ffbbf6c0000 - 0x00007ffbbf6ed000 	C:\WINDOWS\SYSTEM32\IPHLPAPI.DLL
0x00007ffbc39e0000 - 0x00007ffbc39e9000 	C:\WINDOWS\System32\NSI.dll
0x00007ffb84fa0000 - 0x00007ffb84fe9000 	C:\Users\Swapnil\AppData\Local\Temp\jna--146709634\jna18145607893924301690.dll
0x00007ffbc4540000 - 0x00007ffbc4548000 	C:\WINDOWS\System32\PSAPI.DLL
0x00007ffbbcfa0000 - 0x00007ffbbcfb9000 	C:\WINDOWS\SYSTEM32\dhcpcsvc6.DLL
0x00007ffbbcf80000 - 0x00007ffbbcf9f000 	C:\WINDOWS\SYSTEM32\dhcpcsvc.DLL
0x00007ffba0e00000 - 0x00007ffba0e0e000 	C:\Users\Swapnil\.vscode\extensions\redhat.java-1.54.0-win32-x64\jre\21.0.10-win32-x86_64\bin\sunmscapi.dll
0x00007ffbc1840000 - 0x00007ffbc19a8000 	C:\WINDOWS\System32\CRYPT32.dll
0x00007ffbc1040000 - 0x00007ffbc106e000 	C:\WINDOWS\SYSTEM32\ncrypt.dll
0x00007ffbc1000000 - 0x00007ffbc1037000 	C:\WINDOWS\SYSTEM32\NTASN1.dll
0x00007ffbbf730000 - 0x00007ffbbf828000 	C:\WINDOWS\SYSTEM32\DNSAPI.dll
0x00007ffbb9120000 - 0x00007ffbb912a000 	C:\Windows\System32\rasadhlp.dll
0x00007ffbba940000 - 0x00007ffbba9c4000 	C:\WINDOWS\System32\fwpuclnt.dll
0x00007ffb9bd50000 - 0x00007ffb9bd59000 	C:\Users\Swapnil\.vscode\extensions\redhat.java-1.54.0-win32-x64\jre\21.0.10-win32-x86_64\bin\extnet.dll

JVMTI agents:
c:\Users\Swapnil\.vscode\extensions\redhat.java-1.54.0-win32-x64\lombok\lombok-1.18.39-4050.jar path:c:\Users\Swapnil\.vscode\extensions\redhat.java-1.54.0-win32-x64\jre\21.0.10-win32-x86_64\bin\instrument.dll, loaded, initialized, instrumentlib options:none

dbghelp: loaded successfully - version: 4.0.5 - missing functions: none
symbol engine: initialized successfully - sym options: 0x614 - pdb path: .;c:\Users\Swapnil\.vscode\extensions\redhat.java-1.54.0-win32-x64\jre\21.0.10-win32-x86_64\bin;C:\WINDOWS\SYSTEM32;C:\WINDOWS\WinSxS\amd64_microsoft.windows.common-controls_6595b64144ccf1df_6.0.22621.6060_none_2712eda17382d24b;c:\Users\Swapnil\.vscode\extensions\redhat.java-1.54.0-win32-x64\jre\21.0.10-win32-x86_64\bin\server;C:\Users\Swapnil\AppData\Roaming\Code\User\globalStorage\redhat.java\1.54.0\config_win\org.eclipse.equinox.launcher\org.eclipse.equinox.launcher.win32.win32.x86_64_1.3.0.v20260203-2149;C:\Users\Swapnil\AppData\Local\Temp\jna--146709634

VM Arguments:
jvm_args: --add-modules=ALL-SYSTEM --add-opens=java.base/java.util=ALL-UNNAMED --add-opens=java.base/java.lang=ALL-UNNAMED --add-opens=java.base/sun.nio.fs=ALL-UNNAMED -Declipse.application=org.eclipse.jdt.ls.core.id1 -Dosgi.bundles.defaultStartLevel=4 -Declipse.product=org.eclipse.jdt.ls.core.product -Djava.import.generatesMetadataFilesAtProjectRoot=false -DDetectVMInstallationsJob.disabled=true -Dfile.encoding=utf8 -XX:+UseParallelGC -XX:GCTimeRatio=4 -XX:AdaptiveSizePolicyWeight=90 -Dsun.zip.disableMemoryMapping=true -Xmx2G -Xms100m -Xlog:disable -javaagent:c:\Users\Swapnil\.vscode\extensions\redhat.java-1.54.0-win32-x64\lombok\lombok-1.18.39-4050.jar -XX:+HeapDumpOnOutOfMemoryError -XX:HeapDumpPath=c:\Users\Swapnil\AppData\Roaming\Code\User\workspaceStorage\8cfe64191bf3f094ebb370fd913d483b\redhat.java -Daether.dependencyCollector.impl=bf 
java_command: c:\Users\Swapnil\.vscode\extensions\redhat.java-1.54.0-win32-x64\server\plugins\org.eclipse.equinox.launcher_1.7.100.v20251111-0406.jar -configuration c:\Users\Swapnil\AppData\Roaming\Code\User\globalStorage\redhat.java\1.54.0\config_win -data c:\Users\Swapnil\AppData\Roaming\Code\User\workspaceStorage\8cfe64191bf3f094ebb370fd913d483b\redhat.java\jdt_ws --pipe=\\.\pipe\lsp-06f6b16db7bfccd589322f2c6b96834c-sock
java_class_path (initial): c:\Users\Swapnil\.vscode\extensions\redhat.java-1.54.0-win32-x64\server\plugins\org.eclipse.equinox.launcher_1.7.100.v20251111-0406.jar
Launcher Type: SUN_STANDARD

[Global flags]
    uintx AdaptiveSizePolicyWeight                 = 90                                        {product} {command line}
     intx CICompilerCount                          = 4                                         {product} {ergonomic}
    uintx GCTimeRatio                              = 4                                         {product} {command line}
     bool HeapDumpOnOutOfMemoryError               = true                                   {manageable} {command line}
    ccstr HeapDumpPath                             = c:\Users\Swapnil\AppData\Roaming\Code\User\workspaceStorage\8cfe64191bf3f094ebb370fd913d483b\redhat.java         {manageable} {command line}
   size_t InitialHeapSize                          = 104857600                                 {product} {command line}
   size_t MaxHeapSize                              = 2147483648                                {product} {command line}
   size_t MaxNewSize                               = 715653120                                 {product} {ergonomic}
   size_t MinHeapDeltaBytes                        = 524288                                    {product} {ergonomic}
   size_t MinHeapSize                              = 104857600                                 {product} {command line}
   size_t NewSize                                  = 34603008                                  {product} {ergonomic}
    uintx NonNMethodCodeHeapSize                   = 5839372                                {pd product} {ergonomic}
    uintx NonProfiledCodeHeapSize                  = 122909434                              {pd product} {ergonomic}
   size_t OldSize                                  = 70254592                                  {product} {ergonomic}
    uintx ProfiledCodeHeapSize                     = 122909434                              {pd product} {ergonomic}
    uintx ReservedCodeCacheSize                    = 251658240                              {pd product} {ergonomic}
     bool SegmentedCodeCache                       = true                                      {product} {ergonomic}
   size_t SoftMaxHeapSize                          = 2147483648                             {manageable} {ergonomic}
     bool UseCompressedOops                        = true                           {product lp64_product} {ergonomic}
     bool UseLargePagesIndividualAllocation        = false                                  {pd product} {ergonomic}
     bool UseParallelGC                            = true                                      {product} {command line}

Logging:
Log output configuration:
 #0: stdout all=off uptime,level,tags foldmultilines=false
 #1: stderr all=off uptime,level,tags foldmultilines=false

Release file:
JAVA_VERSION="21.0.10" 
MODULES="java.base java.compiler java.datatransfer java.xml java.prefs java.desktop java.instrument java.logging java.management java.security.sasl java.naming java.rmi java.management.rmi java.net.http java.scripting java.security.jgss java.transaction.xa java.sql java.sql.rowset java.xml.crypto java.se java.smartcardio jdk.accessibility jdk.internal.jvmstat jdk.attach jdk.charsets jdk.internal.opt jdk.zipfs jdk.compiler jdk.crypto.ec jdk.crypto.cryptoki jdk.crypto.mscapi jdk.dynalink jdk.internal.ed jdk.editpad jdk.hotspot.agent jdk.httpserver jdk.internal.le jdk.internal.vm.ci jdk.internal.vm.compiler jdk.internal.vm.compiler.management jdk.jartool jdk.javadoc jdk.jcmd jdk.management jdk.management.agent jdk.jconsole jdk.jdeps jdk.jdwp.agent jdk.jdi jdk.jfr jdk.jshell jdk.jsobject jdk.jstatd jdk.localedata jdk.management.jfr jdk.naming.dns jdk.naming.rmi jdk.net jdk.nio.mapmode jdk.random jdk.sctp jdk.security.auth jdk.security.jgss jdk.unsupported jdk.unsupported.desktop jdk.xml.dom" 

Environment Variables:
JAVA_HOME=D:\OpenSource\software\jdk-17
PATH=C:\Python314\Scripts\;C:\Python314\;C:\Python310\Scripts\;C:\Python310\;C:\Windows\system32;C:\Windows;C:\Windows\System32\Wbem;C:\Windows\System32\WindowsPowerShell\v1.0\;C:\Windows\System32\OpenSSH\;C:\Program Files\NVIDIA Corporation\NVIDIA NvDLISR;C:\Program Files\Git\cmd;C:\Program Files\TortoiseSVN\bin;D:\OpenSource\software\apache-maven-3.9.0\bin;D:\software\apache-ant-1.9.6\bin;C:\WINDOWS\system32;C:\WINDOWS;C:\WINDOWS\System32\Wbem;C:\WINDOWS\System32\WindowsPowerShell\v1.0\;C:\WINDOWS\System32\OpenSSH\;C:\Program Files\PostgreSQL\13\bin;C:\Program Files\PostgreSQL\13\lib;C:\Program Files\dotnet\;C:\ProgramData\chocolatey\bin;C:\Program Files\Microsoft SQL Server\120\Tools\Binn\;C:\Program Files\Common Files\Autodesk Shared\;C:\Users\Swapnil\AppData\Roaming\nvm;C:\Program Files\nodejs;D:\OpenSource\software\jdk-17\bin;D:\OpenSource\software\jdk-17\bin;C:\Program Files\nodejs\;C:\Users\Swapnil\AppData\Local\Programs\Python\Python38-32\Scripts\;C:\Users\Swapnil\AppData\Local\Programs\Python\Python38-32\;C:\Users\Swapnil\AppData\Local\Microsoft\WindowsApps;D:\OpenSource\software\apache-maven-3.9.0\bin;D:\software\apache-ant-1.9.6\bin;C:\Users\Swapnil\AppData\Roaming\nvm;C:\Program Files\nodejs;D:\OpenSource\software\jdk-17\bin;D:\OpenSource\software\jdk-17\bin;C:\Users\Swapnil\AppData\Roaming\npm;C:\Users\Swapnil\AppData\Local\Programs\Microsoft VS Code\bin;C:\Users\Swapnil\AppData\Local\Programs\Antigravity\bin;C:\ngrok\;C:\Users\Swapnil\AppData\Local\Microsoft\WinGet\Packages\Gyan.FFmpeg_Microsoft.Winget.Source_8wekyb3d8bbwe\ffmpeg-8.1-full_build\bin;C:\Users\Swapnil\AppData\Local\Programs\Antigravity IDE\bin
USERNAME=Swapnil
OS=Windows_NT
PROCESSOR_IDENTIFIER=Intel64 Family 6 Model 126 Stepping 5, GenuineIntel
TMP=C:\Users\Swapnil\AppData\Local\Temp
TEMP=C:\Users\Swapnil\AppData\Local\Temp




Periodic native trim disabled

---------------  S Y S T E M  ---------------

OS:
 Windows 11 , 64 bit Build 22621 (10.0.22621.5415)
OS uptime: 5 days 8:23 hours

CPU: total 8 (initial active 8) (4 cores per cpu, 2 threads per core) family 6 model 126 stepping 5 microcode 0xc2, cx8, cmov, fxsr, ht, mmx, 3dnowpref, sse, sse2, sse3, ssse3, sse4.1, sse4.2, popcnt, lzcnt, tsc, tscinvbit, avx, avx2, aes, erms, clmul, bmi1, bmi2, adx, avx512f, avx512dq, avx512cd, avx512bw, avx512vl, sha, fma, vzeroupper, avx512_vpopcntdq, avx512_vpclmulqdq, avx512_vaes, avx512_vnni, clflush, clflushopt, avx512_vbmi2, avx512_vbmi, rdtscp, rdpid, fsrm, gfni, avx512_bitalg, f16c, pku, avx512_ifma
Processor Information for the first 8 processors :
  Max Mhz: 1190, Current Mhz: 991, Mhz Limit: 987

Memory: 4k page, system-wide physical 7959M (350M free)
TotalPageFile size 23877M (AvailPageFile size 94M)
current process WorkingSet (physical memory assigned to process): 89M, peak: 892M
current process commit charge ("private bytes"): 920M, peak: 925M

vm_info: OpenJDK 64-Bit Server VM (21.0.10+7-LTS) for windows-amd64 JRE (21.0.10+7-LTS), built on 2026-01-20T00:00:00Z by "admin" with MS VC++ 17.12 (VS2022)

END.
